<?xml version="1.0" encoding="UTF-8"?>
<testng-results ignored="0" total="1" passed="1" failed="0" skipped="0">
  <reporter-output>
  </reporter-output>
  <suite started-at="2020-06-24T18:02:08 IST" name="Default suite" finished-at="2020-06-24T18:02:47 IST" duration-ms="38833">
    <groups>
    </groups>
    <test started-at="2020-06-24T18:02:08 IST" name="Default test" finished-at="2020-06-24T18:02:47 IST" duration-ms="38833">
      <class name="com.qa.fullcycle.testcases.CheckoutpageTestcases">
        <test-method is-config="true" signature="openbrowser()[pri:0, instance:com.qa.fullcycle.testcases.CheckoutpageTestcases@78b1cc93]" started-at="2020-06-24T18:02:08 IST" name="openbrowser" finished-at="2020-06-24T18:02:31 IST" duration-ms="23371" status="PASS">
          <reporter-output>
          </reporter-output>
        </test-method> <!-- openbrowser -->
        <test-method signature="paymentCheckout()[pri:1, instance:com.qa.fullcycle.testcases.CheckoutpageTestcases@78b1cc93]" started-at="2020-06-24T18:02:31 IST" name="paymentCheckout" finished-at="2020-06-24T18:02:47 IST" duration-ms="15417" status="PASS">
          <reporter-output>
          </reporter-output>
        </test-method> <!-- paymentCheckout -->
        <test-method is-config="true" signature="browserTearDown()[pri:0, instance:com.qa.fullcycle.testcases.CheckoutpageTestcases@78b1cc93]" started-at="2020-06-24T18:02:52 IST" name="browserTearDown" finished-at="2020-06-24T18:02:52 IST" duration-ms="173" status="PASS">
          <reporter-output>
          </reporter-output>
        </test-method> <!-- browserTearDown -->
      </class> <!-- com.qa.fullcycle.testcases.CheckoutpageTestcases -->
    </test> <!-- Default test -->
  </suite> <!-- Default suite -->
</testng-results>
